Build started 16.2.2016 23:52:44.
     1>Project "D:\Sola\VSPA\Seminar\SingleThreadSolution\LineSegmentVisibility\LineSegmentVisibility\LineSegmentVisibility.vcxproj" on node 2 (Build target(s)).
     1>InitializeBuildStatus:
         Creating "x64\Release\LineSegm.B34CE95B.tlog\unsuccessfulbuild" because "AlwaysCreate" was specified.
       ClCompile:
         C:\Program Files (x86)\Microsoft Visual Studio 14.0\VC\bin\x86_amd64\CL.exe /c /Zi /nologo /W3 /WX- /sdl /O2 /Oi /GL /D WIN32 /D NDEBUG /D _CONSOLE /D _LIB /D _UNICODE /D UNICODE /Gm- /EHsc /MD /GS /Gy /fp:precise /Zc:wchar_t /Zc:forScope /Zc:inline /Fo"x64\Release\\" /Fd"x64\Release\vc140.pdb" /Gd /TP /errorReport:prompt Main.cpp
         Main.cpp
     1>Main.cpp(45): warning C4244: 'argument': conversion from 'time_t' to 'unsigned int', possible loss of data
     1>Main.cpp(56): warning C4244: 'initializing': conversion from 'float' to '__int64', possible loss of data
     1>Main.cpp(56): warning C4305: '=': truncation from 'double' to 'float'
     1>Main.cpp(70): warning C4244: 'argument': conversion from '__int64' to 'int', possible loss of data
     1>Main.cpp(63): warning C4477: 'printf' : format string '%d' requires an argument of type 'int', but variadic argument 1 has type 'size_t'
         Main.cpp(63): note: consider using '%zd' in the format string
       Link:
         C:\Program Files (x86)\Microsoft Visual Studio 14.0\VC\bin\x86_amd64\link.exe /ERRORREPORT:PROMPT /OUT:"D:\Sola\VSPA\Seminar\SingleThreadSolution\LineSegmentVisibility\x64\Release\LineSegmentVisibility.exe" /INCREMENTAL:NO /NOLOGO kernel32.lib user32.lib gdi32.lib winspool.lib comdlg32.lib advapi32.lib shell32.lib ole32.lib oleaut32.lib uuid.lib odbc32.lib odbccp32.lib /MANIFEST /MANIFESTUAC:"level='asInvoker' uiAccess='false'" /manifest:embed /Debug /PDB:"D:\Sola\VSPA\Seminar\SingleThreadSolution\LineSegmentVisibility\x64\Release\LineSegmentVisibility.pdb" /SUBSYSTEM:CONSOLE /OPT:REF /OPT:ICF /LTCG:incremental /TLBID:1 /DYNAMICBASE /NXCOMPAT /IMPLIB:"D:\Sola\VSPA\Seminar\SingleThreadSolution\LineSegmentVisibility\x64\Release\LineSegmentVisibility.lib" /MACHINE:X64 x64\Release\DataGenerator.obj
         x64\Release\Main.obj
         Generating code
         87 of 102 functions (85.3%) were compiled, the rest were copied from previous compilation.
           72 functions were new in current compilation
           4 functions had inline decision re-evaluated but remain unchanged
         Finished generating code
         LineSegmentVisibility.vcxproj -> D:\Sola\VSPA\Seminar\SingleThreadSolution\LineSegmentVisibility\x64\Release\LineSegmentVisibility.exe
       FinalizeBuildStatus:
         Deleting file "x64\Release\LineSegm.B34CE95B.tlog\unsuccessfulbuild".
         Touching "x64\Release\LineSegm.B34CE95B.tlog\LineSegmentVisibility.lastbuildstate".
     1>Done Building Project "D:\Sola\VSPA\Seminar\SingleThreadSolution\LineSegmentVisibility\LineSegmentVisibility\LineSegmentVisibility.vcxproj" (Build target(s)).

Build succeeded.

Time Elapsed 00:00:01.00
