Build started 2.3.2016 19:19:00.
     1>Project "D:\Sola\VSPA\Seminar\OpenMPI_Solution\LineSegmentVisibility\LineSegmentVisibility\LineSegmentVisibility.vcxproj" on node 2 (Build target(s)).
     1>InitializeBuildStatus:
         Creating "x64\Debug\LineSegm.A69AC41F.tlog\unsuccessfulbuild" because "AlwaysCreate" was specified.
       ClCompile:
         C:\Program Files (x86)\Microsoft Visual Studio 14.0\VC\bin\x86_amd64\CL.exe /c /I"C:\Program Files (x86)\Microsoft SDKs\MPI\Include" /ZI /nologo /W3 /WX- /sdl /Od /D WIN32 /D _DEBUG /D _CONSOLE /D _LIB /D _UNICODE /D UNICODE /Gm /EHsc /RTC1 /MDd /GS /fp:precise /Zc:wchar_t /Zc:forScope /Zc:inline /Fo"x64\Debug\\" /Fd"x64\Debug\vc140.pdb" /Gd /TP /errorReport:prompt Main.cpp
         Main.cpp
     1>d:\sola\vspa\seminar\openmpi_solution\linesegmentvisibility\linesegmentvisibility\main.cpp(44): warning C4244: '=': conversion from 'float' to '__int64', possible loss of data
     1>d:\sola\vspa\seminar\openmpi_solution\linesegmentvisibility\linesegmentvisibility\main.cpp(44): warning C4305: '=': truncation from 'double' to 'float'
     1>d:\sola\vspa\seminar\openmpi_solution\linesegmentvisibility\linesegmentvisibility\main.cpp(78): warning C4244: '=': conversion from 'double' to 'int', possible loss of data
     1>d:\sola\vspa\seminar\openmpi_solution\linesegmentvisibility\linesegmentvisibility\main.cpp(88): warning C4244: 'initializing': conversion from 'double' to 'int', possible loss of data
     1>d:\sola\vspa\seminar\openmpi_solution\linesegmentvisibility\linesegmentvisibility\main.cpp(66): warning C4477: 'printf' : format string '%d' requires an argument of type 'int', but variadic argument 1 has type 'size_t'
         d:\sola\vspa\seminar\openmpi_solution\linesegmentvisibility\linesegmentvisibility\main.cpp(66): note: consider using '%zd' in the format string
     1>d:\sola\vspa\seminar\openmpi_solution\linesegmentvisibility\linesegmentvisibility\main.cpp(16): warning C4101: 'destination': unreferenced local variable
       Link:
         C:\Program Files (x86)\Microsoft Visual Studio 14.0\VC\bin\x86_amd64\link.exe /ERRORREPORT:PROMPT /OUT:"D:\Sola\VSPA\Seminar\OpenMPI_Solution\LineSegmentVisibility\x64\Debug\LineSegmentVisibility.exe" /INCREMENTAL /NOLOGO /LIBPATH:"C:\Program Files (x86)\Microsoft SDKs\MPI\Lib\x64" msmpi.lib kernel32.lib user32.lib gdi32.lib winspool.lib comdlg32.lib advapi32.lib shell32.lib ole32.lib oleaut32.lib uuid.lib odbc32.lib odbccp32.lib kernel32.lib user32.lib gdi32.lib winspool.lib comdlg32.lib advapi32.lib shell32.lib ole32.lib oleaut32.lib uuid.lib odbc32.lib odbccp32.lib /MANIFEST /MANIFESTUAC:"level='asInvoker' uiAccess='false'" /manifest:embed /Debug /PDB:"D:\Sola\VSPA\Seminar\OpenMPI_Solution\LineSegmentVisibility\x64\Debug\LineSegmentVisibility.pdb" /SUBSYSTEM:CONSOLE /TLBID:1 /DYNAMICBASE /NXCOMPAT /IMPLIB:"D:\Sola\VSPA\Seminar\OpenMPI_Solution\LineSegmentVisibility\x64\Debug\LineSegmentVisibility.lib" /MACHINE:X64 x64\Debug\DataGenerator.obj
         x64\Debug\Main.obj
         LineSegmentVisibility.vcxproj -> D:\Sola\VSPA\Seminar\OpenMPI_Solution\LineSegmentVisibility\x64\Debug\LineSegmentVisibility.exe
       FinalizeBuildStatus:
         Deleting file "x64\Debug\LineSegm.A69AC41F.tlog\unsuccessfulbuild".
         Touching "x64\Debug\LineSegm.A69AC41F.tlog\LineSegmentVisibility.lastbuildstate".
     1>Done Building Project "D:\Sola\VSPA\Seminar\OpenMPI_Solution\LineSegmentVisibility\LineSegmentVisibility\LineSegmentVisibility.vcxproj" (Build target(s)).

Build succeeded.

Time Elapsed 00:00:00.79
