Build started 13.3.2016 22:50:19.
     1>Project "D:\Sola\VSPA\Seminar\OpenCL_Solution\LineSegmentVisibility\LineSegmentVisibility\LineSegmentVisibility.vcxproj" on node 2 (Build target(s)).
     1>PrepareForBuild:
         Creating directory "D:\Sola\VSPA\Seminar\OpenCL_Solution\LineSegmentVisibility\x64\Debug\".
       InitializeBuildStatus:
         Touching "x64\Debug\LineSegm.4E8E1691.tlog\unsuccessfulbuild".
       ClCompile:
         C:\Program Files (x86)\Microsoft Visual Studio 14.0\VC\bin\x86_amd64\CL.exe /c /I"C:\Program Files\NVIDIA GPU Computing Toolkit\CUDA\v7.5\include" /Zi /nologo /W1 /WX- /Od /Gm- /EHsc /MD /GS /fp:precise /Zc:wchar_t /Zc:forScope /Zc:inline /Fo"x64\Debug\\" /Fd"x64\Debug\vc140.pdb" /Gd /TP /errorReport:prompt DataGenerator.cpp Main.cpp
         DataGenerator.cpp
         Main.cpp
     1>Main.cpp(290): warning C4477: 'printf' : format string '%d' requires an argument of type 'int', but variadic argument 1 has type 'size_t'
         Main.cpp(290): note: consider using '%zd' in the format string
         Generating Code...
       Link:
         C:\Program Files (x86)\Microsoft Visual Studio 14.0\VC\bin\x86_amd64\link.exe /ERRORREPORT:PROMPT /OUT:"D:\Sola\VSPA\Seminar\OpenCL_Solution\LineSegmentVisibility\x64\Debug\LineSegmentVisibility.exe" /NOLOGO /LIBPATH:"C:\Program Files\NVIDIA GPU Computing Toolkit\CUDA\v7.5\lib\x64" OpenCL.lib kernel32.lib user32.lib gdi32.lib winspool.lib comdlg32.lib advapi32.lib shell32.lib ole32.lib oleaut32.lib uuid.lib odbc32.lib odbccp32.lib /MANIFEST /MANIFESTUAC:"level='asInvoker' uiAccess='false'" /manifest:embed /Debug /PDB:"D:\Sola\VSPA\Seminar\OpenCL_Solution\LineSegmentVisibility\x64\Debug\LineSegmentVisibility.pdb" /OPT:REF /TLBID:1 /DYNAMICBASE /NXCOMPAT /IMPLIB:"D:\Sola\VSPA\Seminar\OpenCL_Solution\LineSegmentVisibility\x64\Debug\LineSegmentVisibility.lib" /MACHINE:X64 x64\Debug\DataGenerator.obj
         x64\Debug\Main.obj
         LineSegmentVisibility.vcxproj -> D:\Sola\VSPA\Seminar\OpenCL_Solution\LineSegmentVisibility\x64\Debug\LineSegmentVisibility.exe
       FinalizeBuildStatus:
         Deleting file "x64\Debug\LineSegm.4E8E1691.tlog\unsuccessfulbuild".
         Touching "x64\Debug\LineSegm.4E8E1691.tlog\LineSegmentVisibility.lastbuildstate".
     1>Done Building Project "D:\Sola\VSPA\Seminar\OpenCL_Solution\LineSegmentVisibility\LineSegmentVisibility\LineSegmentVisibility.vcxproj" (Build target(s)).

Build succeeded.

Time Elapsed 00:00:01.30
