Build started 12.3.2016 19:04:10.
     1>Project "D:\Sola\VSPA\Seminar\PThreads_Solution\LineSegmentVisibility\LineSegmentVisibility\LineSegmentVisibility.vcxproj" on node 2 (Build target(s)).
     1>PrepareForBuild:
         Creating directory "D:\Sola\VSPA\Seminar\PThreads_Solution\LineSegmentVisibility\x64\Debug\".
       InitializeBuildStatus:
         Creating "x64\Debug\LineSegm.6D54F74A.tlog\unsuccessfulbuild" because "AlwaysCreate" was specified.
       ClCompile:
         C:\Program Files (x86)\Microsoft Visual Studio 14.0\VC\bin\x86_amd64\CL.exe /c /Ipthread/include /ZI /nologo /W3 /WX- /sdl /Od /D HAVE_STRUCT_TIMESPEC /D _DEBUG /D _CONSOLE /D _UNICODE /D UNICODE /Gm /EHsc /RTC1 /MDd /GS /fp:precise /Zc:wchar_t /Zc:forScope /Zc:inline /Fo"x64\Debug\\" /Fd"x64\Debug\vc140.pdb" /Gd /TP /errorReport:prompt DataGenerator.cpp Main.cpp
         Main.cpp
     1>d:\sola\vspa\seminar\pthreads_solution\linesegmentvisibility\linesegmentvisibility\main.cpp(54): warning C4554: '<<': check operator precedence for possible error; use parentheses to clarify precedence
     1>d:\sola\vspa\seminar\pthreads_solution\linesegmentvisibility\linesegmentvisibility\main.cpp(114): warning C4244: 'initializing': conversion from 'double' to 'int', possible loss of data
     1>d:\sola\vspa\seminar\pthreads_solution\linesegmentvisibility\linesegmentvisibility\main.cpp(118): warning C4244: 'initializing': conversion from 'double' to 'int', possible loss of data
     1>d:\sola\vspa\seminar\pthreads_solution\linesegmentvisibility\linesegmentvisibility\main.cpp(119): warning C4244: 'initializing': conversion from 'double' to 'int', possible loss of data
     1>d:\sola\vspa\seminar\pthreads_solution\linesegmentvisibility\linesegmentvisibility\main.cpp(168): warning C4244: 'initializing': conversion from 'double' to 'int', possible loss of data
     1>d:\sola\vspa\seminar\pthreads_solution\linesegmentvisibility\linesegmentvisibility\main.cpp(185): error C2059: syntax error: '='
     1>d:\sola\vspa\seminar\pthreads_solution\linesegmentvisibility\linesegmentvisibility\main.cpp(185): error C2059: syntax error: ')'
     1>d:\sola\vspa\seminar\pthreads_solution\linesegmentvisibility\linesegmentvisibility\main.cpp(188): error C2143: syntax error: missing ']' before '='
     1>d:\sola\vspa\seminar\pthreads_solution\linesegmentvisibility\linesegmentvisibility\main.cpp(188): error C2440: 'initializing': cannot convert from 'int' to 'pthread_t []'
         d:\sola\vspa\seminar\pthreads_solution\linesegmentvisibility\linesegmentvisibility\main.cpp(188): note: There are no conversions to array types, although there are conversions to references or pointers to arrays
     1>d:\sola\vspa\seminar\pthreads_solution\linesegmentvisibility\linesegmentvisibility\main.cpp(188): error C2059: syntax error: ']'
     1>d:\sola\vspa\seminar\pthreads_solution\linesegmentvisibility\linesegmentvisibility\main.cpp(197): error C2059: syntax error: '='
     1>d:\sola\vspa\seminar\pthreads_solution\linesegmentvisibility\linesegmentvisibility\main.cpp(197): error C2059: syntax error: ')'
     1>d:\sola\vspa\seminar\pthreads_solution\linesegmentvisibility\linesegmentvisibility\main.cpp(199): error C2065: 'args': undeclared identifier
     1>d:\sola\vspa\seminar\pthreads_solution\linesegmentvisibility\linesegmentvisibility\main.cpp(199): error C2275: 'pArgs': illegal use of this type as an expression
         d:\sola\vspa\seminar\pthreads_solution\linesegmentvisibility\linesegmentvisibility\main.cpp(17): note: see declaration of 'pArgs'
     1>d:\sola\vspa\seminar\pthreads_solution\linesegmentvisibility\linesegmentvisibility\main.cpp(199): error C2059: syntax error: '='
     1>d:\sola\vspa\seminar\pthreads_solution\linesegmentvisibility\linesegmentvisibility\main.cpp(199): error C2059: syntax error: ','
     1>d:\sola\vspa\seminar\pthreads_solution\linesegmentvisibility\linesegmentvisibility\main.cpp(199): error C2059: syntax error: ')'
     1>d:\sola\vspa\seminar\pthreads_solution\linesegmentvisibility\linesegmentvisibility\main.cpp(201): error C2065: 'args': undeclared identifier
     1>d:\sola\vspa\seminar\pthreads_solution\linesegmentvisibility\linesegmentvisibility\main.cpp(204): error C2059: syntax error: 'for'
     1>d:\sola\vspa\seminar\pthreads_solution\linesegmentvisibility\linesegmentvisibility\main.cpp(204): error C2143: syntax error: missing ')' before ';'
     1>d:\sola\vspa\seminar\pthreads_solution\linesegmentvisibility\linesegmentvisibility\main.cpp(204): error C2143: syntax error: missing ';' before '<'
     1>d:\sola\vspa\seminar\pthreads_solution\linesegmentvisibility\linesegmentvisibility\main.cpp(204): error C4430: missing type specifier - int assumed. Note: C++ does not support default-int
     1>d:\sola\vspa\seminar\pthreads_solution\linesegmentvisibility\linesegmentvisibility\main.cpp(204): error C2143: syntax error: missing ';' before '++'
     1>d:\sola\vspa\seminar\pthreads_solution\linesegmentvisibility\linesegmentvisibility\main.cpp(204): error C2086: 'int i': redefinition
         d:\sola\vspa\seminar\pthreads_solution\linesegmentvisibility\linesegmentvisibility\main.cpp(204): note: see declaration of 'i'
     1>d:\sola\vspa\seminar\pthreads_solution\linesegmentvisibility\linesegmentvisibility\main.cpp(204): error C2059: syntax error: ')'
     1>d:\sola\vspa\seminar\pthreads_solution\linesegmentvisibility\linesegmentvisibility\main.cpp(204): error C2143: syntax error: missing ';' before '{'
     1>d:\sola\vspa\seminar\pthreads_solution\linesegmentvisibility\linesegmentvisibility\main.cpp(204): error C2447: '{': missing function header (old-style formal list?)
     1>d:\sola\vspa\seminar\pthreads_solution\linesegmentvisibility\linesegmentvisibility\main.cpp(210): error C2143: syntax error: missing ';' before '<<'
     1>d:\sola\vspa\seminar\pthreads_solution\linesegmentvisibility\linesegmentvisibility\main.cpp(210): error C4430: missing type specifier - int assumed. Note: C++ does not support default-int
     1>d:\sola\vspa\seminar\pthreads_solution\linesegmentvisibility\linesegmentvisibility\main.cpp(210): error C2371: 'std::cout': redefinition; different basic types
         c:\program files (x86)\microsoft visual studio 14.0\vc\include\iostream(27): note: see declaration of 'std::cout'
     1>d:\sola\vspa\seminar\pthreads_solution\linesegmentvisibility\linesegmentvisibility\main.cpp(212): error C2059: syntax error: 'return'
     1>d:\sola\vspa\seminar\pthreads_solution\linesegmentvisibility\linesegmentvisibility\main.cpp(213): error C2059: syntax error: '}'
     1>d:\sola\vspa\seminar\pthreads_solution\linesegmentvisibility\linesegmentvisibility\main.cpp(213): error C2143: syntax error: missing ';' before '}'
     1>d:\sola\vspa\seminar\pthreads_solution\linesegmentvisibility\linesegmentvisibility\main.cpp(216): error C2143: syntax error: missing ';' before '{'
     1>d:\sola\vspa\seminar\pthreads_solution\linesegmentvisibility\linesegmentvisibility\main.cpp(216): error C2447: '{': missing function header (old-style formal list?)
         DataGenerator.cpp
     1>d:\sola\vspa\seminar\pthreads_solution\linesegmentvisibility\linesegmentvisibility\datagenerator.cpp(22): warning C4244: 'initializing': conversion from 'double' to 'float', possible loss of data
     1>d:\sola\vspa\seminar\pthreads_solution\linesegmentvisibility\linesegmentvisibility\datagenerator.cpp(25): warning C4244: 'initializing': conversion from 'double' to 'float', possible loss of data
     1>d:\sola\vspa\seminar\pthreads_solution\linesegmentvisibility\linesegmentvisibility\datagenerator.cpp(31): warning C4244: 'initializing': conversion from 'double' to 'float', possible loss of data
     1>d:\sola\vspa\seminar\pthreads_solution\linesegmentvisibility\linesegmentvisibility\datagenerator.cpp(49): warning C4244: '=': conversion from 'double' to 'float', possible loss of data
         Generating Code...
     1>Done Building Project "D:\Sola\VSPA\Seminar\PThreads_Solution\LineSegmentVisibility\LineSegmentVisibility\LineSegmentVisibility.vcxproj" (Build target(s)) -- FAILED.

Build FAILED.

Time Elapsed 00:00:00.68
